0 	 0.310584826425 	 0.33595161177 	 
1 	 0.0919163438213 	 0.3089051535 	 
2 	 0.068299930229 	 0.240969235277 	 
3 	 0.0858125767886 	 0.206057447474 	 
4 	 0.0953434540449 	 0.183677511953 	 
5 	 0.0948030459712 	 0.168478423111 	 
6 	 0.0892865084328 	 0.157633857149 	 
7 	 0.0821184399721 	 0.149384138767 	 
8 	 0.074928788358 	 0.142903844302 	 
9 	 0.0684041775417 	 0.137700808038 	 
10 	 0.0627679660559 	 0.133428409328 	 
11 	 0.0580346607002 	 0.129845960544 	 
12 	 0.0541326924555 	 0.126784572489 	 
13 	 0.0509603253124 	 0.124129883279 	 
14 	 0.0484106154855 	 0.121808058974 	 
15 	 0.0463825100436 	 0.119769810956 	 
16 	 0.0447855481016 	 0.117977213128 	 
17 	 0.0435414204434 	 0.116396237388 	 
18 	 0.0425839135557 	 0.114994806082 	 
19 	 0.0418580249615 	 0.113744058138 	 
20 	 0.0413186885608 	 0.112620025092 	 
21 	 0.0409293672561 	 0.111604152885 	 
22 	 0.0406606663413 	 0.110682610991 	 
23 	 0.040489056102 	 0.109845012002 	 
24 	 0.0403957486054 	 0.109083132758 	 
25 	 0.040365744157 	 0.108389954356 	 
26 	 0.0403870436851 	 0.107759092795 	 
27 	 0.0404500119682 	 0.10718454805 	 
28 	 0.0405468711416 	 0.106660649952 	 
29 	 0.040671302532 	 0.106182091919 	 
30 	 0.0408181360217 	 0.105743981817 	 
31 	 0.0409831086534 	 0.105341876756 	 
32 	 0.0411626771914 	 0.10497179347 	 
33 	 0.041353872333 	 0.104630197853 	 
34 	 0.041554184923 	 0.104313980452 	 
35 	 0.0417614767522 	 0.104020424106 	 
36 	 0.0419739103023 	 0.103747168238 	 
37 	 0.0421898931782 	 0.103492172759 	 
38 	 0.0424080340097 	 0.103253683464 	 
39 	 0.0426271073761 	 0.103030199991 	 
40 	 0.042846025877 	 0.102820446895 	 
41 	 0.0430638178902 	 0.102623347971 	 
42 	 0.0432796098669 	 0.102438003645 	 
43 	 0.0434926122474 	 0.102263670991 	 
44 	 0.0437021082615 	 0.102099745725 	 
45 	 0.0439074450181 	 0.101945745424 	 
46 	 0.0441080264047 	 0.101801293215 	 
47 	 0.0443033074107 	 0.101666101317 	 
48 	 0.0444927895681 	 0.101539954129 	 
49 	 0.0446760172668 	 0.101422690902 	 
50 	 0.0448525747551 	 0.101314188417 	 
51 	 0.0450220836787 	 0.101214344389 	 
52 	 0.0451842010447 	 0.101123062405 	 
53 	 0.0453386175242 	 0.101040239145 	 
54 	 0.0454850560232 	 0.100965754414 	 
55 	 0.0456232704685 	 0.100899464203 	 
56 	 0.0457530447633 	 0.100841196692 	 
57 	 0.0458741918723 	 0.10079075091 	 
58 	 0.0459865530044 	 0.100747897588 	 
59 	 0.0460899968608 	 0.100712381705 	 
60 	 0.0461844189198 	 0.100683926228 	 
61 	 0.0462697407355 	 0.100662236596 	 
62 	 0.0463459092245 	 0.100647005558 	 
63 	 0.046412895924 	 0.100637918061 	 
64 	 0.0464706962039 	 0.100634655948 	 
65 	 0.0465193284204 	 0.100636902277 	 
66 	 0.0465588330038 	 0.100644345175 	 
67 	 0.0465892714746 	 0.100656681124 	 
68 	 0.0466107253879 	 0.100673617672 	 
69 	 0.0466232952079 	 0.100694875562 	 
70 	 0.0466270991186 	 0.100720190294 	 
71 	 0.0466222717783 	 0.100749313168 	 
72 	 0.0466089630277 	 0.100782011834 	 
73 	 0.0465873365638 	 0.100818070417 	 
74 	 0.0465575685918 	 0.100857289253 	 
75 	 0.0465198464674 	 0.100899484291 	 
76 	 0.0464743673429 	 0.10094448621 	 
77 	 0.0464213368291 	 0.100992139302 	 
78 	 0.0463609676853 	 0.101042300154 	 
79 	 0.0462934785468 	 0.101094836191 	 
80 	 0.0462190927008 	 0.10114962411 	 
81 	 0.0461380369174 	 0.101206548246 	 
82 	 0.0460505403433 	 0.10126549892 	 
83 	 0.0459568334632 	 0.101326370793 	 
84 	 0.0458571471326 	 0.101389061271 	 
85 	 0.0457517116847 	 0.10145346898 	 
86 	 0.0456407561131 	 0.101519492354 	 
87 	 0.0455245073301 	 0.101587028346 	 
88 	 0.0454031895001 	 0.101655971286 	 
89 	 0.0452770234471 	 0.101726211905 	 
90 	 0.0451462261334 	 0.101797636524 	 
91 	 0.0450110102068 	 0.101870126422 	 
92 	 0.0448715836136 	 0.101943557384 	 
93 	 0.0447281492733 	 0.10201779942 	 
94 	 0.0445809048114 	 0.102092716655 	 
95 	 0.0444300423462 	 0.102168167379 	 
96 	 0.0442757483259 	 0.102244004247 	 
97 	 0.0441182034108 	 0.102320074626 	 
98 	 0.0439575823988 	 0.102396221055 	 
99 	 0.0437940541869 	 0.102472281838 	 
100 	 0.0436277817688 	 0.102548091732 	 
101 	 0.0434589222615 	 0.102623482729 	 
102 	 0.0432876269595 	 0.102698284931 	 
103 	 0.0431140414121 	 0.102772327489 	 
104 	 0.0429383055219 	 0.102845439621 	 
105 	 0.0427605536601 	 0.102917451684 	 
106 	 0.0425809147969 	 0.102988196302 	 
107 	 0.0423995126446 	 0.103057509546 	 
108 	 0.04221646581 	 0.103125232141 	 
109 	 0.0420318879554 	 0.103191210721 	 
110 	 0.041845887965 	 0.103255299094 	 
111 	 0.0416585701156 	 0.103317359524 	 
112 	 0.0414700342505 	 0.103377264005 	 
113 	 0.0412803759537 	 0.103434895526 	 
114 	 0.0410896867247 	 0.103490149291 	 
115 	 0.0408980541522 	 0.103542933882 	 
116 	 0.0407055620847 	 0.103593172343 	 
117 	 0.0405122907995 	 0.103640803153 	 
118 	 0.0403183171671 	 0.103685781062 	 
119 	 0.0401237148111 	 0.103728077761 	 
120 	 0.0399285542637 	 0.103767682345 	 
121 	 0.0397329031157 	 0.103804601563 	 
122 	 0.039536826161 	 0.103838859796 	 
123 	 0.0393403855347 	 0.10387049877 	 
124 	 0.0391436408455 	 0.103899576965 	 
125 	 0.0389466493017 	 0.103926168727 	 
126 	 0.0387494658311 	 0.103950363076 	 
127 	 0.038552143194 	 0.103972262233 	 
128 	 0.0383547320905 	 0.103991979884 	 
129 	 0.038157281261 	 0.104009639229 	 
130 	 0.0379598375811 	 0.104025370867 	 
131 	 0.0377624461499 	 0.10403931057 	 
132 	 0.0375651503729 	 0.104051597033 	 
133 	 0.0373679920393 	 0.104062369651 	 
134 	 0.037171011393 	 0.104071766412 	 
135 	 0.0369742471995 	 0.104079921964 	 
136 	 0.0367777368074 	 0.104086965914 	 
137 	 0.0365815162043 	 0.104093021414 	 
138 	 0.0363856200699 	 0.104098204055 	 
139 	 0.0361900818233 	 0.104102621088 	 
140 	 0.0359949336668 	 0.104106370986 	 
141 	 0.0358002066269 	 0.104109543313 	 
142 	 0.0356059305901 	 0.104112218885 	 
143 	 0.0354121343373 	 0.104114470192 	 
144 	 0.0352188455739 	 0.104116362012 	 
145 	 0.035026090958 	 0.104117952198 	 
146 	 0.0348338961257 	 0.104119292566 	 
147 	 0.0346422857146 	 0.104120429836 	 
148 	 0.034451283385 	 0.104121406596 	 
149 	 0.034260911839 	 0.104122262236 	 
150 	 0.0340711928392 	 0.104123033824 	 
151 	 0.0338821472245 	 0.104123756898 	 
152 	 0.0336937949256 	 0.104124466165 	 
153 	 0.0335061549794 	 0.104125196086 	 
154 	 0.0333192455425 	 0.10412598135 	 
155 	 0.0331330839037 	 0.104126857237 	 
156 	 0.0329476864962 	 0.104127859875 	 
157 	 0.032763068909 	 0.104129026397 	 
158 	 0.0325792458988 	 0.10413039502 	 
159 	 0.0323962314006 	 0.104132005041 	 
160 	 0.0322140385387 	 0.104133896773 	 
161 	 0.0320326796378 	 0.104136111434 	 
162 	 0.0318521662338 	 0.104138690995 	 
163 	 0.0316725090849 	 0.104141677997 	 
164 	 0.0314937181827 	 0.104145115357 	 
165 	 0.0313158027635 	 0.104149046154 	 
166 	 0.0311387713201 	 0.104153513415 	 
167 	 0.0309626316138 	 0.104158559905 	 
168 	 0.0307873906862 	 0.10416422791 	 
169 	 0.030613054872 	 0.104170559045 	 
170 	 0.030439629812 	 0.104177594053 	 
171 	 0.0302671204662 	 0.104185372629 	 
172 	 0.0300955311272 	 0.104193933248 	 
173 	 0.0299248654345 	 0.104203313001 	 
174 	 0.0297551263885 	 0.104213547453 	 
175 	 0.0295863163655 	 0.104224670494 	 
176 	 0.0294184371323 	 0.104236714213 	 
177 	 0.0292514898618 	 0.104249708771 	 
178 	 0.0290854751483 	 0.104263682281 	 
179 	 0.0289203930238 	 0.104278660699 	 
180 	 0.0287562429738 	 0.104294667713 	 
181 	 0.0285930239538 	 0.104311724639 	 
182 	 0.028430734406 	 0.104329850317 	 
183 	 0.0282693722758 	 0.104349061016 	 
184 	 0.0281089350291 	 0.104369370334 	 
185 	 0.0279494196692 	 0.104390789106 	 
186 	 0.027790822754 	 0.104413325313 	 
187 	 0.0276331404133 	 0.104436983993 	 
188 	 0.0274763683661 	 0.104461767156 	 
189 	 0.027320501938 	 0.104487673703 	 
190 	 0.0271655360783 	 0.104514699357 	 
191 	 0.0270114653776 	 0.104542836588 	 
192 	 0.0268582840851 	 0.104572074553 	 
193 	 0.0267059861254 	 0.10460239905 	 
194 	 0.0265545651158 	 0.104633792471 	 
195 	 0.0264040143834 	 0.104666233773 	 
196 	 0.0262543269816 	 0.104699698466 	 
197 	 0.0261054957065 	 0.104734158609 	 
198 	 0.0259575131141 	 0.104769582827 	 
199 	 0.0258103715357 	 0.104805936346 	 
200 	 0.025664063094 	 0.104843181044 	 
201 	 0.0255185797193 	 0.104881275531 	 
202 	 0.0253739131643 	 0.104920175239 	 
203 	 0.0252300550194 	 0.104959832549 	 
204 	 0.0250869967278 	 0.105000196927 	 
205 	 0.0249447295998 	 0.105041215098 	 
206 	 0.024803244827 	 0.105082831231 	 
207 	 0.0246625334961 	 0.105124987156 	 
208 	 0.0245225866026 	 0.105167622601 	 
209 	 0.0243833950636 	 0.105210675446 	 
210 	 0.0242449497311 	 0.105254082005 	 
211 	 0.0241072414039 	 0.105297777317 	 
212 	 0.0239702608395 	 0.105341695455 	 
213 	 0.0238339987666 	 0.10538576985 	 
214 	 0.0236984458952 	 0.105429933617 	 
215 	 0.0235635929283 	 0.105474119893 	 
216 	 0.023429430572 	 0.105518262172 	 
217 	 0.0232959495454 	 0.105562294638 	 
218 	 0.0231631405907 	 0.105606152498 	 
219 	 0.0230309944819 	 0.105649772296 	 
220 	 0.0228995020339 	 0.105693092217 	 
221 	 0.0227686541112 	 0.105736052381 	 
222 	 0.0226384416355 	 0.105778595104 	 
223 	 0.0225088555934 	 0.105820665148 	 
224 	 0.0223798870439 	 0.10586220994 	 
225 	 0.0222515271253 	 0.105903179763 	 
226 	 0.0221237670612 	 0.105943527922 	 
227 	 0.0219965981671 	 0.105983210881 	 
228 	 0.0218700118559 	 0.106022188365 	 
229 	 0.0217439996434 	 0.106060423436 	 
230 	 0.0216185531529 	 0.106097882544 	 
231 	 0.0214936641203 	 0.106134535537 	 
232 	 0.0213693243982 	 0.106170355663 	 
233 	 0.0212455259596 	 0.106205319528 	 
234 	 0.0211222609019 	 0.106239407043 	 
235 	 0.0209995214499 	 0.106272601346 	 
236 	 0.0208772999588 	 0.106304888705 	 
237 	 0.0207555889167 	 0.106336258407 	 
238 	 0.0206343809472 	 0.106366702629 	 
239 	 0.0205136688113 	 0.106396216301 	 
240 	 0.0203934454089 	 0.10642479696 	 
241 	 0.0202737037807 	 0.106452444592 	 
242 	 0.020154437109 	 0.106479161478 	 
243 	 0.0200356387187 	 0.106504952027 	 
244 	 0.0199173020783 	 0.106529822617 	 
245 	 0.0197994207997 	 0.106553781431 	 
246 	 0.0196819886389 	 0.106576838294 	 
247 	 0.019564999496 	 0.106599004521 	 
248 	 0.0194484474145 	 0.106620292759 	 
249 	 0.0193323265812 	 0.106640716843 	 
250 	 0.0192166313254 	 0.106660291651 	 
251 	 0.0191013561182 	 0.106679032972 	 
252 	 0.0189864955713 	 0.106696957372 	 
253 	 0.018872044436 	 0.10671408208 	 
254 	 0.0187579976016 	 0.10673042487 	 
255 	 0.018644350094 	 0.106746003955 	 
256 	 0.0185310970745 	 0.106760837889 	 
257 	 0.0184182338371 	 0.106774945475 	 
258 	 0.0183057558075 	 0.106788345684 	 
259 	 0.0181936585406 	 0.106801057574 	 
260 	 0.0180819377184 	 0.106813100223 	 
261 	 0.017970589148 	 0.106824492666 	 
262 	 0.0178596087591 	 0.106835253835 	 
263 	 0.0177489926018 	 0.106845402513 	 
264 	 0.0176387368438 	 0.106854957284 	 
265 	 0.0175288377683 	 0.106863936495 	 
266 	 0.017419291771 	 0.106872358223 	 
267 	 0.0173100953578 	 0.10688024024 	 
268 	 0.017201245142 	 0.106887599991 	 
269 	 0.0170927378414 	 0.106894454573 	 
270 	 0.0169845702758 	 0.10690082071 	 
271 	 0.0168767393644 	 0.106906714745 	 
272 	 0.0167692421224 	 0.106912152624 	 
273 	 0.0166620756589 	 0.106917149889 	 
274 	 0.0165552371736 	 0.106921721668 	 
275 	 0.0164487239545 	 0.106925882675 	 
276 	 0.0163425333744 	 0.106929647203 	 
277 	 0.0162366628892 	 0.106933029125 	 
278 	 0.0161311100341 	 0.106936041897 	 
279 	 0.0160258724216 	 0.106938698555 	 
280 	 0.0159209477385 	 0.106941011725 	 
281 	 0.0158163337435 	 0.106942993623 	 
282 	 0.0157120282643 	 0.106944656061 	 
283 	 0.0156080291954 	 0.106946010453 	 
284 	 0.0155043344954 	 0.106947067826 	 
285 	 0.0154009421846 	 0.106947838823 	 
286 	 0.0152978503427 	 0.10694833371 	 
287 	 0.0151950571064 	 0.106948562391 	 
288 	 0.0150925606673 	 0.106948534408 	 
289 	 0.0149903592697 	 0.106948258957 	 
290 	 0.0148884512084 	 0.106947744895 	 
291 	 0.014786834827 	 0.106947000745 	 
292 	 0.0146855085157 	 0.106946034712 	 
293 	 0.0145844707094 	 0.106944854687 	 
294 	 0.0144837198865 	 0.10694346826 	 
295 	 0.0143832545667 	 0.106941882725 	 
296 	 0.0142830733098 	 0.106940105094 	 
297 	 0.0141831747142 	 0.106938142101 	 
298 	 0.0140835574154 	 0.106936000216 	 
299 	 0.0139842200851 	 0.106933685649 	 
300 	 0.01388516143 	 0.106931204362 	 
301 	 0.0137863801906 	 0.106928562075 	 
302 	 0.0136878751404 	 0.106925764277 	 
303 	 0.0135896450856 	 0.106922816231 	 
304 	 0.0134916888638 	 0.106919722984 	 
305 	 0.0133940053438 	 0.106916489373 	 
306 	 0.0132965934254 	 0.106913120036 	 
307 	 0.0131994520389 	 0.106909619415 	 
308 	 0.0131025801451 	 0.106905991764 	 
309 	 0.0130059767351 	 0.106902241158 	 
310 	 0.0129096408309 	 0.106898371498 	 
311 	 0.0128135714853 	 0.106894386519 	 
312 	 0.0127177677826 	 0.106890289793 	 
313 	 0.0126222288389 	 0.10688608474 	 
314 	 0.0125269538032 	 0.106881774628 	 
315 	 0.0124319418578 	 0.106877362586 	 
316 	 0.0123371922199 	 0.106872851601 	 
317 	 0.0122427041422 	 0.106868244532 	 
318 	 0.0121484769148 	 0.106863544109 	 
319 	 0.0120545098663 	 0.106858752941 	 
320 	 0.0119608023654 	 0.106853873518 	 
321 	 0.011867353823 	 0.106848908221 	 
322 	 0.011774163694 	 0.106843859322 	 
323 	 0.0116812314796 	 0.106838728989 	 
324 	 0.0115885567293 	 0.106833519292 	 
325 	 0.0114961390436 	 0.106828232207 	 
326 	 0.0114039780764 	 0.10682286962 	 
327 	 0.0113120735382 	 0.106817433327 	 
328 	 0.0112204251987 	 0.106811925046 	 
329 	 0.0111290328898 	 0.106806346412 	 
330 	 0.0110378965095 	 0.106800698988 	 
331 	 0.0109470160248 	 0.106794984262 	 
332 	 0.0108563914754 	 0.106789203656 	 
333 	 0.0107660229778 	 0.106783358527 	 
334 	 0.0106759107289 	 0.106777450168 	 
335 	 0.0105860550104 	 0.106771479815 	 
336 	 0.0104964561927 	 0.10676544865 	 
337 	 0.0104071147397 	 0.106759357801 	 
338 	 0.0103180312132 	 0.106753208347 	 
339 	 0.0102292062777 	 0.106747001321 	 
340 	 0.0101406407049 	 0.106740737714 	 
341 	 0.0100523353792 	 0.106734418473 	 
342 	 0.00996429130262 	 0.106728044511 	 
343 	 0.00987650959966 	 0.106721616706 	 
344 	 0.00978899152313 	 0.106715135903 	 
345 	 0.0097017384593 	 0.106708602917 	 
346 	 0.00961475193346 	 0.106702018539 	 
347 	 0.00952803361547 	 0.106695383535 	 
348 	 0.00944158532539 	 0.10668869865 	 
349 	 0.00935540903911 	 0.106681964613 	 
350 	 0.00926950689408 	 0.106675182134 	 
351 	 0.00918388119492 	 0.106668351915 	 
352 	 0.00909853441908 	 0.106661474644 	 
353 	 0.00901346922248 	 0.106654551004 	 
354 	 0.00892868844499 	 0.106647581673 	 
355 	 0.00884419511591 	 0.106640567329 	 
356 	 0.00875999245923 	 0.106633508649 	 
357 	 0.00867608389881 	 0.106626406315 	 
358 	 0.00859247306334 	 0.106619261016 	 
359 	 0.00850916379105 	 0.106612073451 	 
360 	 0.00842616013422 	 0.106604844331 	 
361 	 0.0083434663633 	 0.106597574382 	 
362 	 0.0082610869708 	 0.106590264349 	 
363 	 0.00817902667472 	 0.106582914996 	 
364 	 0.00809729042155 	 0.106575527113 	 
365 	 0.00801588338887 	 0.106568101516 	 
366 	 0.00793481098736 	 0.106560639051 	 
367 	 0.00785407886227 	 0.106553140593 	 
368 	 0.00777369289431 	 0.106545607057 	 
369 	 0.00769365919979 	 0.106538039392 	 
370 	 0.00761398413016 	 0.106530438589 	 
371 	 0.00753467427069 	 0.10652280568 	 
372 	 0.00745573643837 	 0.106515141745 	 
373 	 0.00737717767898 	 0.10650744791 	 
374 	 0.00729900526322 	 0.106499725353 	 
375 	 0.00722122668185 	 0.106491975303 	 
376 	 0.00714384963994 	 0.106484199044 	 
377 	 0.00706688204994 	 0.106476397918 	 
378 	 0.00699033202377 	 0.106468573323 	 
379 	 0.00691420786378 	 0.106460726719 	 
380 	 0.00683851805257 	 0.106452859626 	 
381 	 0.00676327124162 	 0.106444973628 	 
382 	 0.00668847623877 	 0.106437070372 	 
383 	 0.00661414199449 	 0.10642915157 	 
384 	 0.00654027758699 	 0.106421218997 	 
385 	 0.00646689220611 	 0.106413274495 	 
386 	 0.00639399513601 	 0.106405319971 	 
387 	 0.00632159573677 	 0.106397357394 	 
388 	 0.00624970342484 	 0.106389388799 	 
389 	 0.00617832765235 	 0.106381416282 	 
390 	 0.0061074778855 	 0.106373442001 	 
391 	 0.00603716358188 	 0.106365468173 	 
392 	 0.00596739416698 	 0.10635749707 	 
393 	 0.00589817900982 	 0.10634953102 	 
394 	 0.00582952739794 	 0.106341572401 	 
395 	 0.0057614485117 	 0.106333623638 	 
396 	 0.00569395139818 	 0.106325687202 	 
397 	 0.0056270449446 	 0.106317765599 	 
398 	 0.00556073785162 	 0.106309861373 	 
399 	 0.00549503860647 	 0.106301977098 	 
400 	 0.00542995545618 	 0.10629411537 	 
401 	 0.005365496381 	 0.106286278805 	 
402 	 0.00530166906819 	 0.106278470032 	 
403 	 0.00523848088633 	 0.106270691685 	 
404 	 0.0051759388604 	 0.106262946398 	 
405 	 0.00511404964762 	 0.106255236801 	 
406 	 0.00505281951435 	 0.106247565506 	 
407 	 0.00499225431423 	 0.106239935106 	 
408 	 0.00493235946755 	 0.106232348168 	 
409 	 0.00487313994215 	 0.10622480722 	 
410 	 0.00481460023596 	 0.106217314752 	 
411 	 0.00475674436123 	 0.106209873201 	 
412 	 0.00469957583065 	 0.10620248495 	 
413 	 0.0046430976454 	 0.106195152318 	 
414 	 0.00458731228522 	 0.106187877554 	 
415 	 0.00453222170068 	 0.106180662833 	 
416 	 0.00447782730746 	 0.106173510244 	 
417 	 0.00442412998298 	 0.106166421792 	 
418 	 0.00437113006509 	 0.106159399387 	 
419 	 0.00431882735308 	 0.106152444841 	 
420 	 0.00426722111079 	 0.106145559863 	 
421 	 0.00421631007194 	 0.106138746057 	 
422 	 0.00416609244744 	 0.106132004915 	 
423 	 0.00411656593483 	 0.106125337817 	 
424 	 0.00406772772957 	 0.10611874603 	 
425 	 0.00401957453814 	 0.106112230699 	 
426 	 0.00397210259286 	 0.106105792856 	 
427 	 0.00392530766833 	 0.106099433412 	 
428 	 0.0038791850992 	 0.106093153157 	 
429 	 0.00383372979931 	 0.106086952764 	 
430 	 0.00378893628193 	 0.10608083279 	 
431 	 0.003744798681 	 0.106074793674 	 
432 	 0.00370131077312 	 0.106068835739 	 
433 	 0.00365846600031 	 0.1060629592 	 
434 	 0.00361625749317 	 0.10605716416 	 
435 	 0.00357467809441 	 0.106051450617 	 
436 	 0.00353372038262 	 0.106045818468 	 
437 	 0.00349337669601 	 0.106040267508 	 
438 	 0.0034536391561 	 0.106034797442 	 
439 	 0.00341449969119 	 0.106029407883 	 
440 	 0.00337595005946 	 0.106024098358 	 
441 	 0.00333798187162 	 0.106018868316 	 
442 	 0.00330058661302 	 0.106013717127 	 
443 	 0.00326375566505 	 0.106008644093 	 
444 	 0.00322748032589 	 0.106003648449 	 
445 	 0.0031917518304 	 0.105998729369 	 
446 	 0.00315656136916 	 0.105993885973 	 
447 	 0.00312190010661 	 0.105989117327 	 
448 	 0.00308775919821 	 0.105984422455 	 
449 	 0.00305412980671 	 0.105979800336 	 
450 	 0.00302100311731 	 0.105975249915 	 
451 	 0.00298837035191 	 0.105970770104 	 
452 	 0.00295622278228 	 0.105966359785 	 
453 	 0.0029245517423 	 0.105962017821 	 
454 	 0.00289334863914 	 0.10595774305 	 
455 	 0.00286260496354 	 0.105953534297 	 
456 	 0.00283231229905 	 0.105949390375 	 
457 	 0.00280246233047 	 0.105945310086 	 
458 	 0.00277304685125 	 0.105941292226 	 
459 	 0.00274405777018 	 0.105937335588 	 
460 	 0.00271548711716 	 0.105933438966 	 
461 	 0.00268732704828 	 0.105929601155 	 
462 	 0.00265956985005 	 0.105925820953 	 
463 	 0.00263220794302 	 0.105922097166 	 
464 	 0.00260523388476 	 0.105918428607 	 
465 	 0.00257864037215 	 0.105914814099 	 
466 	 0.00255242024316 	 0.105911252477 	 
467 	 0.00252656647809 	 0.105907742587 	 
468 	 0.00250107220032 	 0.105904283291 	 
469 	 0.00247593067663 	 0.105900873463 	 
470 	 0.00245113531708 	 0.105897511995 	 
471 	 0.00242667967454 	 0.105894197793 	 
472 	 0.0024025574439 	 0.105890929782 	 
473 	 0.00237876246095 	 0.105887706901 	 
474 	 0.002355288701 	 0.10588452811 	 
475 	 0.00233213027725 	 0.105881392384 	 
476 	 0.00230928143901 	 0.105878298717 	 
477 	 0.00228673656963 	 0.105875246121 	 
478 	 0.00226449018436 	 0.105872233624 	 
479 	 0.00224253692803 	 0.105869260274 	 
480 	 0.00222087157267 	 0.105866325136 	 
481 	 0.00219948901492 	 0.10586342729 	 
482 	 0.00217838427351 	 0.105860565835 	 
483 	 0.00215755248655 	 0.105857739887 	 
484 	 0.00213698890887 	 0.105854948577 	 
485 	 0.0021166889093 	 0.105852191051 	 
486 	 0.00209664796786 	 0.105849466474 	 
487 	 0.00207686167309 	 0.105846774021 	 
488 	 0.00205732571925 	 0.105844112886 	 
489 	 0.00203803590356 	 0.105841482274 	 
490 	 0.00201898812354 	 0.105838881405 	 
491 	 0.00200017837428 	 0.105836309513 	 
492 	 0.00198160274575 	 0.105833765841 	 
493 	 0.00196325742026 	 0.105831249648 	 
494 	 0.00194513866977 	 0.105828760203 	 
495 	 0.00192724285345 	 0.105826296787 	 
496 	 0.00190956641514 	 0.10582385869 	 
497 	 0.00189210588093 	 0.105821445214 	 
498 	 0.00187485785678 	 0.10581905567 	 
499 	 0.0018578190262 	 0.105816689378 	 
500 	 0.00184098614798 	 0.10581434567 	 
501 	 0.00182435605396 	 0.105812023882 	 
502 	 0.00180792564693 	 0.105809723361 	 
503 	 0.00179169189849 	 0.105807443463 	 
504 	 0.00177565184705 	 0.105805183549 	 
505 	 0.00175980259583 	 0.105802942989 	 
506 	 0.00174414131096 	 0.105800721159 	 
507 	 0.00172866521964 	 0.105798517442 	 
508 	 0.0017133716083 	 0.105796331227 	 
509 	 0.00169825782088 	 0.105794161912 	 
510 	 0.00168332125715 	 0.105792008896 	 
511 	 0.00166855937105 	 0.105789871588 	 
512 	 0.00165396966911 	 0.1057877494 	 
513 	 0.00163954970897 	 0.105785641751 	 
514 	 0.00162529709783 	 0.105783548064 	 
515 	 0.00161120949104 	 0.105781467769 	 
516 	 0.00159728459076 	 0.105779400298 	 
517 	 0.00158352014458 	 0.10577734509 	 
518 	 0.00156991394423 	 0.105775301589 	 
519 	 0.00155646382435 	 0.105773269242 	 
520 	 0.00154316766129 	 0.105771247502 	 
521 	 0.00153002337191 	 0.105769235826 	 
522 	 0.00151702891251 	 0.105767233675 	 
523 	 0.0015041822777 	 0.105765240515 	 
524 	 0.00149148149937 	 0.105763255817 	 
525 	 0.00147892464569 	 0.105761279056 	 
526 	 0.00146650982011 	 0.105759309711 	 
527 	 0.00145423516041 	 0.105757347265 	 
528 	 0.00144209883783 	 0.105755391208 	 
529 	 0.00143009905615 	 0.10575344103 	 
530 	 0.00141823405087 	 0.105751496231 	 
531 	 0.00140650208835 	 0.10574955631 	 
532 	 0.00139490146505 	 0.105747620775 	 
533 	 0.00138343050675 	 0.105745689137 	 
534 	 0.00137208756782 	 0.10574376091 	 
535 	 0.00136087103048 	 0.105741835614 	 
536 	 0.00134977930415 	 0.105739912776 	 
537 	 0.00133881082472 	 0.105737991924 	 
538 	 0.00132796405397 	 0.105736072594 	 
539 	 0.00131723747891 	 0.105734154325 	 
540 	 0.00130662961116 	 0.105732236662 	 
541 	 0.00129613898639 	 0.105730319154 	 
542 	 0.00128576416377 	 0.105728401357 	 
543 	 0.00127550372539 	 0.10572648283 	 
544 	 0.00126535627573 	 0.105724563141 	 
545 	 0.00125532044116 	 0.105722641859 	 
546 	 0.00124539486947 	 0.105720718561 	 
547 	 0.00123557822934 	 0.10571879283 	 
548 	 0.00122586920989 	 0.105716864252 	 
549 	 0.00121626652024 	 0.105714932422 	 
550 	 0.0012067688891 	 0.105712996939 	 
551 	 0.00119737506426 	 0.105711057409 	 
552 	 0.00118808381228 	 0.105709113441 	 
553 	 0.00117889391802 	 0.105707164654 	 
554 	 0.00116980418429 	 0.10570521067 	 
555 	 0.00116081343147 	 0.105703251119 	 
556 	 0.00115192049713 	 0.105701285637 	 
557 	 0.0011431242357 	 0.105699313866 	 
558 	 0.00113442351811 	 0.105697335454 	 
559 	 0.00112581723146 	 0.105695350055 	 
560 	 0.00111730427873 	 0.105693357332 	 
561 	 0.00110888357841 	 0.105691356951 	 
562 	 0.00110055406423 	 0.105689348587 	 
563 	 0.00109231468486 	 0.105687331921 	 
564 	 0.00108416440362 	 0.105685306641 	 
565 	 0.00107610219821 	 0.105683272441 	 
566 	 0.00106812706041 	 0.105681229023 	 
567 	 0.00106023799585 	 0.105679176095 	 
568 	 0.00105243402373 	 0.105677113371 	 
569 	 0.00104471417657 	 0.105675040573 	 
570 	 0.00103707749998 	 0.105672957431 	 
571 	 0.00102952305241 	 0.105670863679 	 
572 	 0.00102204990493 	 0.105668759061 	 
573 	 0.00101465714099 	 0.105666643326 	 
574 	 0.00100734385619 	 0.105664516232 	 
575 	 0.00100010915813 	 0.105662377542 	 
576 	 0.000992952166112 	 0.105660227026 	 
577 	 0.000985872011001 	 0.105658064463 	 
578 	 0.000978867834998 	 0.105655889638 	 
579 	 0.000971938791459 	 0.105653702344 	 
580 	 0.000965084044696 	 0.105651502378 	 
581 	 0.000958302769802 	 0.105649289548 	 
582 	 0.000951594152465 	 0.105647063666 	 
583 	 0.000944957388795 	 0.105644824554 	 
584 	 0.000938391685152 	 0.105642572039 	 
585 	 0.000931896257978 	 0.105640305954 	 
586 	 0.000925470333633 	 0.105638026143 	 
587 	 0.000919113148239 	 0.105635732453 	 
588 	 0.000912823947515 	 0.105633424739 	 
589 	 0.000906601986635 	 0.105631102865 	 
590 	 0.00090044653007 	 0.1056287667 	 
591 	 0.000894356851446 	 0.10562641612 	 
592 	 0.000888332233397 	 0.105624051007 	 
593 	 0.000882371967433 	 0.105621671253 	 
594 	 0.000876475353794 	 0.105619276753 	 
595 	 0.00087064170132 	 0.105616867411 	 
596 	 0.000864870327321 	 0.105614443138 	 
597 	 0.000859160557446 	 0.105612003849 	 
598 	 0.000853511725559 	 0.105609549468 	 
599 	 0.000847923173613 	 0.105607079926 	 
600 	 0.000842394251533 	 0.105604595157 	 
601 	 0.000836924317094 	 0.105602095106 	 
602 	 0.000831512735805 	 0.10559957972 	 
603 	 0.000826158880799 	 0.105597048956 	 
604 	 0.000820862132716 	 0.105594502774 	 
605 	 0.000815621879598 	 0.105591941143 	 
606 	 0.00081043751678 	 0.105589364036 	 
607 	 0.000805308446783 	 0.105586771432 	 
608 	 0.000800234079212 	 0.105584163318 	 
609 	 0.000795213830657 	 0.105581539685 	 
610 	 0.000790247124587 	 0.105578900529 	 
611 	 0.000785333391259 	 0.105576245855 	 
612 	 0.000780472067618 	 0.105573575669 	 
613 	 0.000775662597204 	 0.105570889987 	 
614 	 0.000770904430058 	 0.105568188828 	 
615 	 0.000766197022633 	 0.105565472217 	 
616 	 0.000761539837704 	 0.105562740183 	 
617 	 0.000756932344279 	 0.105559992761 	 
618 	 0.000752374017513 	 0.105557229993 	 
619 	 0.000747864338623 	 0.105554451922 	 
620 	 0.000743402794808 	 0.1055516586 	 
621 	 0.000738988879159 	 0.105548850081 	 
622 	 0.000734622090588 	 0.105546026425 	 
623 	 0.00073030193374 	 0.105543187695 	 
624 	 0.000726027918922 	 0.105540333961 	 
625 	 0.00072179956202 	 0.105537465295 	 
626 	 0.000717616384428 	 0.105534581775 	 
627 	 0.000713477912971 	 0.105531683483 	 
628 	 0.000709383679834 	 0.105528770503 	 
629 	 0.000705333222488 	 0.105525842926 	 
630 	 0.00070132608362 	 0.105522900844 	 
631 	 0.000697361811063 	 0.105519944356 	 
632 	 0.000693439957727 	 0.105516973562 	 
633 	 0.000689560081533 	 0.105513988567 	 
634 	 0.000685721745343 	 0.105510989478 	 
635 	 0.000681924516899 	 0.105507976407 	 
636 	 0.000678167968753 	 0.105504949469 	 
637 	 0.000674451678208 	 0.105501908781 	 
638 	 0.000670775227253 	 0.105498854465 	 
639 	 0.000667138202502 	 0.105495786643 	 
640 	 0.000663540195131 	 0.105492705443 	 
641 	 0.000659980800823 	 0.105489610995 	 
642 	 0.000656459619702 	 0.105486503429 	 
643 	 0.00065297625628 	 0.105483382881 	 
644 	 0.000649530319399 	 0.105480249488 	 
645 	 0.000646121422171 	 0.105477103389 	 
646 	 0.000642749181926 	 0.105473944726 	 
647 	 0.000639413220156 	 0.105470773642 	 
648 	 0.000636113162458 	 0.105467590283 	 
649 	 0.000632848638486 	 0.105464394797 	 
650 	 0.000629619281892 	 0.105461187334 	 
651 	 0.000626424730279 	 0.105457968044 	 
652 	 0.000623264625146 	 0.105454737081 	 
653 	 0.000620138611843 	 0.105451494599 	 
654 	 0.000617046339512 	 0.105448240754 	 
655 	 0.000613987461049 	 0.105444975703 	 
656 	 0.000610961633044 	 0.105441699605 	 
657 	 0.000607968515744 	 0.105438412619 	 
658 	 0.000605007772997 	 0.105435114907 	 
659 	 0.000602079072211 	 0.10543180663 	 
660 	 0.000599182084306 	 0.105428487951 	 
661 	 0.000596316483669 	 0.105425159033 	 
662 	 0.000593481948109 	 0.105421820041 	 
663 	 0.000590678158813 	 0.105418471138 	 
664 	 0.000587904800304 	 0.105415112492 	 
665 	 0.000585161560395 	 0.105411744266 	 
666 	 0.000582448130148 	 0.105408366629 	 
667 	 0.000579764203836 	 0.105404979746 	 
668 	 0.000577109478896 	 0.105401583784 	 
669 	 0.000574483655891 	 0.10539817891 	 
670 	 0.000571886438469 	 0.105394765291 	 
671 	 0.000569317533327 	 0.105391343094 	 
672 	 0.000566776650167 	 0.105387912486 	 
673 	 0.000564263501658 	 0.105384473634 	 
674 	 0.000561777803403 	 0.105381026704 	 
675 	 0.000559319273896 	 0.105377571863 	 
676 	 0.000556887634488 	 0.105374109276 	 
677 	 0.000554482609348 	 0.105370639109 	 
678 	 0.00055210392543 	 0.105367161527 	 
679 	 0.000549751312435 	 0.105363676694 	 
680 	 0.000547424502778 	 0.105360184775 	 
681 	 0.000545123231551 	 0.105356685932 	 
682 	 0.00054284723649 	 0.105353180328 	 
683 	 0.000540596257942 	 0.105349668125 	 
684 	 0.000538370038833 	 0.105346149483 	 
685 	 0.00053616832463 	 0.105342624562 	 
686 	 0.000533990863315 	 0.105339093522 	 
687 	 0.000531837405348 	 0.10533555652 	 
688 	 0.00052970770364 	 0.105332013713 	 
689 	 0.000527601513517 	 0.105328465258 	 
690 	 0.000525518592695 	 0.105324911308 	 
691 	 0.000523458701244 	 0.105321352017 	 
692 	 0.000521421601565 	 0.105317787538 	 
693 	 0.000519407058352 	 0.105314218022 	 
694 	 0.000517414838572 	 0.105310643619 	 
695 	 0.00051544471143 	 0.105307064476 	 
696 	 0.000513496448344 	 0.105303480741 	 
697 	 0.000511569822915 	 0.105299892559 	 
698 	 0.000509664610902 	 0.105296300075 	 
699 	 0.000507780590196 	 0.105292703431 	 
700 	 0.000505917540787 	 0.105289102769 	 
701 	 0.000504075244745 	 0.105285498227 	 
702 	 0.000502253486192 	 0.105281889945 	 
703 	 0.000500452051273 	 0.105278278058 	 
704 	 0.000498670728137 	 0.105274662702 	 
705 	 0.000496909306906 	 0.105271044009 	 
706 	 0.000495167579655 	 0.105267422112 	 
707 	 0.000493445340387 	 0.105263797139 	 
708 	 0.000491742385009 	 0.10526016922 	 
709 	 0.000490058511307 	 0.10525653848 	 
710 	 0.000488393518926 	 0.105252905044 	 
711 	 0.000486747209346 	 0.105249269036 	 
712 	 0.000485119385858 	 0.105245630576 	 
713 	 0.000483509853547 	 0.105241989784 	 
714 	 0.000481918419265 	 0.105238346777 	 
715 	 0.000480344891611 	 0.105234701671 	 
716 	 0.000478789080914 	 0.105231054581 	 
717 	 0.000477250799206 	 0.105227405617 	 
718 	 0.000475729860207 	 0.105223754891 	 
719 	 0.000474226079304 	 0.105220102511 	 
720 	 0.000472739273529 	 0.105216448584 	 
721 	 0.00047126926154 	 0.105212793214 	 
722 	 0.000469815863606 	 0.105209136504 	 
723 	 0.000468378901583 	 0.105205478556 	 
724 	 0.0004669581989 	 0.105201819467 	 
725 	 0.000465553580537 	 0.105198159337 	 
726 	 0.000464164873009 	 0.105194498259 	 
727 	 0.000462791904352 	 0.105190836329 	 
728 	 0.000461434504098 	 0.105187173636 	 
729 	 0.000460092503265 	 0.105183510272 	 
730 	 0.000458765734338 	 0.105179846323 	 
731 	 0.000457454031252 	 0.105176181876 	 
732 	 0.000456157229375 	 0.105172517015 	 
733 	 0.000454875165496 	 0.105168851823 	 
734 	 0.000453607677807 	 0.105165186379 	 
735 	 0.000452354605887 	 0.105161520762 	 
736 	 0.000451115790689 	 0.105157855049 	 
737 	 0.000449891074523 	 0.105154189314 	 
738 	 0.000448680301046 	 0.10515052363 	 
739 	 0.000447483315241 	 0.105146858069 	 
740 	 0.00044629996341 	 0.105143192698 	 
741 	 0.000445130093157 	 0.105139527586 	 
742 	 0.000443973553374 	 0.105135862797 	 
743 	 0.000442830194229 	 0.105132198396 	 
744 	 0.000441699867155 	 0.105128534443 	 
745 	 0.000440582424833 	 0.105124870998 	 
746 	 0.000439477721184 	 0.105121208119 	 
747 	 0.000438385611355 	 0.105117545862 	 
748 	 0.000437305951705 	 0.10511388428 	 
749 	 0.000436238599798 	 0.105110223426 	 
750 	 0.000435183414387 	 0.10510656335 	 
751 	 0.000434140255407 	 0.1051029041 	 
752 	 0.000433108983961 	 0.105099245722 	 
753 	 0.000432089462309 	 0.10509558826 	 
754 	 0.00043108155386 	 0.105091931757 	 
755 	 0.000430085123161 	 0.105088276254 	 
756 	 0.000429100035884 	 0.105084621788 	 
757 	 0.00042812615882 	 0.105080968397 	 
758 	 0.000427163359868 	 0.105077316114 	 
759 	 0.000426211508025 	 0.105073664972 	 
760 	 0.000425270473375 	 0.105070015002 	 
761 	 0.000424340127084 	 0.105066366232 	 
762 	 0.000423420341389 	 0.105062718687 	 
763 	 0.000422510989588 	 0.105059072393 	 
764 	 0.000421611946034 	 0.105055427372 	 
765 	 0.000420723086126 	 0.105051783642 	 
766 	 0.000419844286298 	 0.105048141222 	 
767 	 0.000418975424015 	 0.105044500128 	 
768 	 0.000418116377764 	 0.105040860372 	 
769 	 0.000417267027045 	 0.105037221966 	 
770 	 0.000416427252366 	 0.105033584918 	 
771 	 0.000415596935231 	 0.105029949234 	 
772 	 0.00041477595814 	 0.105026314918 	 
773 	 0.000413964204577 	 0.105022681973 	 
774 	 0.000413161559002 	 0.105019050395 	 
775 	 0.000412367906849 	 0.105015420183 	 
776 	 0.000411583134517 	 0.105011791329 	 
777 	 0.000410807129363 	 0.105008163825 	 
778 	 0.000410039779697 	 0.10500453766 	 
779 	 0.000409280974775 	 0.105000912818 	 
780 	 0.000408530604794 	 0.104997289284 	 
781 	 0.000407788560885 	 0.104993667036 	 
782 	 0.000407054735109 	 0.104990046051 	 
783 	 0.000406329020449 	 0.104986426305 	 
784 	 0.000405611310805 	 0.104982807767 	 
785 	 0.000404901500993 	 0.104979190405 	 
786 	 0.000404199486732 	 0.104975574184 	 
787 	 0.000403505164646 	 0.104971959065 	 
788 	 0.000402818432255 	 0.104968345006 	 
789 	 0.000402139187972 	 0.10496473196 	 
790 	 0.000401467331094 	 0.104961119879 	 
791 	 0.000400802761805 	 0.104957508709 	 
792 	 0.000400145381165 	 0.104953898393 	 
793 	 0.000399495091106 	 0.104950288872 	 
794 	 0.00039885179443 	 0.104946680079 	 
795 	 0.000398215394804 	 0.104943071947 	 
796 	 0.000397585796755 	 0.104939464402 	 
797 	 0.000396962905664 	 0.104935857367 	 
798 	 0.000396346627767 	 0.104932250761 	 
799 	 0.000395736870145 	 0.104928644498 	 
800 	 0.000395133540723 	 0.104925038486 	 
801 	 0.000394536548268 	 0.10492143263 	 
802 	 0.000393945802378 	 0.104917826831 	 
803 	 0.000393361213488 	 0.104914220982 	 
804 	 0.000392782692858 	 0.104910614973 	 
805 	 0.000392210152574 	 0.104907008688 	 
806 	 0.000391643505541 	 0.104903402007 	 
807 	 0.000391082665481 	 0.104899794803 	 
808 	 0.000390527546933 	 0.104896186944 	 
809 	 0.00038997806524 	 0.104892578291 	 
810 	 0.000389434136556 	 0.104888968701 	 
811 	 0.000388895677835 	 0.104885358024 	 
812 	 0.000388362606833 	 0.104881746105 	 
813 	 0.0003878348421 	 0.104878132779 	 
814 	 0.000387312302977 	 0.10487451788 	 
815 	 0.000386794909597 	 0.104870901231 	 
816 	 0.000386282582879 	 0.10486728265 	 
817 	 0.00038577524452 	 0.104863661948 	 
818 	 0.000385272817001 	 0.104860038929 	 
819 	 0.000384775223577 	 0.104856413389 	 
820 	 0.000384282388274 	 0.104852785118 	 
821 	 0.000383794235888 	 0.104849153898 	 
822 	 0.000383310691982 	 0.104845519502 	 
823 	 0.000382831682881 	 0.104841881698 	 
824 	 0.000382357135667 	 0.104838240243 	 
825 	 0.000381886978182 	 0.104834594888 	 
826 	 0.000381421139019 	 0.104830945376 	 
827 	 0.000380959547518 	 0.104827291439 	 
828 	 0.00038050213377 	 0.104823632803 	 
829 	 0.000380048828605 	 0.104819969185 	 
830 	 0.000379599563594 	 0.104816300292 	 
831 	 0.000379154271044 	 0.104812625824 	 
832 	 0.000378712883998 	 0.104808945469 	 
833 	 0.000378275336223 	 0.104805258908 	 
834 	 0.000377841562218 	 0.104801565813 	 
835 	 0.000377411497201 	 0.104797865845 	 
836 	 0.000376985077113 	 0.104794158655 	 
837 	 0.000376562238608 	 0.104790443887 	 
838 	 0.000376142919057 	 0.104786721171 	 
839 	 0.000375727056537 	 0.104782990131 	 
840 	 0.000375314589833 	 0.104779250378 	 
841 	 0.000374905458432 	 0.104775501515 	 
842 	 0.00037449960252 	 0.104771743132 	 
843 	 0.00037409696298 	 0.104767974811 	 
844 	 0.000373697481386 	 0.104764196121 	 
845 	 0.000373301100002 	 0.104760406624 	 
846 	 0.000372907761775 	 0.104756605867 	 
847 	 0.000372517410337 	 0.104752793388 	 
848 	 0.000372129989994 	 0.104748968715 	 
849 	 0.000371745445729 	 0.104745131363 	 
850 	 0.000371363723195 	 0.104741280837 	 
851 	 0.000370984768712 	 0.104737416632 	 
852 	 0.000370608529264 	 0.104733538228 	 
853 	 0.000370234952492 	 0.104729645099 	 
854 	 0.000369863986697 	 0.104725736702 	 
855 	 0.000369495580829 	 0.104721812486 	 
856 	 0.000369129684486 	 0.104717871889 	 
857 	 0.000368766247912 	 0.104713914335 	 
858 	 0.000368405221991 	 0.104709939239 	 
859 	 0.000368046558244 	 0.104705946002 	 
860 	 0.000367690208822 	 0.104701934016 	 
861 	 0.000367336126509 	 0.104697902659 	 
862 	 0.00036698426471 	 0.104693851299 	 
863 	 0.000366634577453 	 0.104689779293 	 
864 	 0.000366287019382 	 0.104685685984 	 
865 	 0.000365941545753 	 0.104681570707 	 
866 	 0.000365598112432 	 0.104677432782 	 
867 	 0.000365256675887 	 0.10467327152 	 
868 	 0.00036491719319 	 0.10466908622 	 
869 	 0.000364579622005 	 0.10466487617 	 
870 	 0.000364243920591 	 0.104660640646 	 
871 	 0.000363910047793 	 0.104656378913 	 
872 	 0.00036357796304 	 0.104652090226 	 
873 	 0.000363247626342 	 0.104647773828 	 
874 	 0.000362918998281 	 0.104643428952 	 
875 	 0.00036259204001 	 0.10463905482 	 
876 	 0.000362266713252 	 0.104634650642 	 
877 	 0.000361942980287 	 0.10463021562 	 
878 	 0.000361620803956 	 0.104625748945 	 
879 	 0.000361300147652 	 0.104621249796 	 
880 	 0.000360980975317 	 0.104616717345 	 
881 	 0.000360663251437 	 0.104612150752 	 
882 	 0.000360346941039 	 0.104607549169 	 
883 	 0.000360032009685 	 0.104602911737 	 
884 	 0.000359718423468 	 0.104598237589 	 
885 	 0.000359406149008 	 0.104593525849 	 
886 	 0.000359095153446 	 0.104588775632 	 
887 	 0.000358785404441 	 0.104583986044 	 
888 	 0.000358476870167 	 0.104579156185 	 
889 	 0.000358169519303 	 0.104574285145 	 
890 	 0.000357863321035 	 0.104569372006 	 
891 	 0.000357558245047 	 0.104564415845 	 
892 	 0.000357254261518 	 0.104559415729 	 
893 	 0.000356951341118 	 0.104554370721 	 
894 	 0.000356649455001 	 0.104549279876 	 
895 	 0.000356348574805 	 0.104544142244 	 
896 	 0.000356048672642 	 0.104538956868 	 
897 	 0.000355749721096 	 0.104533722787 	 
898 	 0.000355451693221 	 0.104528439034 	 
899 	 0.000355154562531 	 0.104523104637 	 
900 	 0.000354858302999 	 0.104517718622 	 
901 	 0.000354562889052 	 0.104512280008 	 
902 	 0.000354268295566 	 0.104506787815 	 
903 	 0.000353974497861 	 0.104501241055 	 
904 	 0.000353681471696 	 0.104495638741 	 
905 	 0.000353389193268 	 0.104489979884 	 
906 	 0.0003530976392 	 0.104484263491 	 
907 	 0.000352806786545 	 0.10447848857 	 
908 	 0.000352516612777 	 0.104472654128 	 
909 	 0.000352227095784 	 0.104466759171 	 
910 	 0.00035193821387 	 0.104460802707 	 
911 	 0.000351649945744 	 0.104454783744 	 
912 	 0.000351362270519 	 0.104448701292 	 
913 	 0.000351075167707 	 0.104442554362 	 
914 	 0.000350788617214 	 0.104436341969 	 
915 	 0.000350502599335 	 0.104430063131 	 
916 	 0.000350217094752 	 0.104423716869 	 
917 	 0.000349932084524 	 0.10441730221 	 
918 	 0.00034964755009 	 0.104410818184 	 
919 	 0.000349363473257 	 0.104404263828 	 
920 	 0.000349079836203 	 0.104397638186 	 
921 	 0.000348796621467 	 0.104390940307 	 
922 	 0.000348513811944 	 0.10438416925 	 
923 	 0.000348231390887 	 0.104377324081 	 
924 	 0.000347949341896 	 0.104370403874 	 
925 	 0.000347667648917 	 0.104363407716 	 
926 	 0.000347386296236 	 0.104356334701 	 
927 	 0.000347105268478 	 0.104349183937 	 
928 	 0.000346824550596 	 0.104341954541 	 
929 	 0.000346544127876 	 0.104334645647 	 
930 	 0.000346263985923 	 0.104327256397 	 
931 	 0.000345984110664 	 0.104319785952 	 
932 	 0.000345704488341 	 0.104312233485 	 
933 	 0.000345425105506 	 0.104304598187 	 
934 	 0.000345145949019 	 0.104296879264 	 
935 	 0.000344867006043 	 0.104289075939 	 
936 	 0.000344588264037 	 0.104281187456 	 
937 	 0.000344309710758 	 0.104273213075 	 
938 	 0.00034403133425 	 0.104265152076 	 
939 	 0.000343753122847 	 0.104257003763 	 
940 	 0.000343475065161 	 0.104248767458 	 
941 	 0.000343197150087 	 0.104240442505 	 
942 	 0.00034291936679 	 0.104232028276 	 
943 	 0.000342641704709 	 0.10422352416 	 
944 	 0.000342364153548 	 0.104214929578 	 
945 	 0.000342086703273 	 0.104206243971 	 
946 	 0.000341809344111 	 0.104197466809 	 
947 	 0.000341532066541 	 0.10418859759 	 
948 	 0.000341254861295 	 0.104179635839 	 
949 	 0.000340977719354 	 0.104170581109 	 
950 	 0.000340700631939 	 0.104161432985 	 
951 	 0.000340423590515 	 0.104152191082 	 
952 	 0.00034014658678 	 0.104142855046 	 
953 	 0.000339869612666 	 0.104133424554 	 
954 	 0.000339592660336 	 0.104123899317 	 
955 	 0.000339315722174 	 0.10411427908 	 
956 	 0.000339038790792 	 0.104104563623 	 
957 	 0.000338761859015 	 0.104094752758 	 
958 	 0.000338484919886 	 0.104084846336 	 
959 	 0.000338207966659 	 0.104074844243 	 
960 	 0.000337930992796 	 0.104064746402 	 
961 	 0.000337653991964 	 0.104054552773 	 
962 	 0.000337376958032 	 0.104044263356 	 
963 	 0.000337099885064 	 0.104033878188 	 
964 	 0.000336822767323 	 0.104023397346 	 
965 	 0.000336545599262 	 0.104012820947 	 
966 	 0.000336268375521 	 0.104002149148 	 
967 	 0.000335991090927 	 0.103991382146 	 
968 	 0.000335713740487 	 0.103980520179 	 
969 	 0.00033543631939 	 0.103969563527 	 
970 	 0.000335158822998 	 0.103958512511 	 
971 	 0.000334881246847 	 0.103947367495 	 
972 	 0.000334603586642 	 0.103936128882 	 
973 	 0.000334325838255 	 0.103924797119 	 
974 	 0.000334047997724 	 0.103913372697 	 
975 	 0.000333770061243 	 0.103901856146 	 
976 	 0.000333492025169 	 0.10389024804 	 
977 	 0.000333213886011 	 0.103878548995 	 
978 	 0.000332935640432 	 0.103866759669 	 
979 	 0.000332657285243 	 0.103854880762 	 
980 	 0.000332378817404 	 0.103842913015 	 
981 	 0.000332100234015 	 0.103830857212 	 
982 	 0.000331821532323 	 0.103818714177 	 
983 	 0.000331542709708 	 0.103806484775 	 
984 	 0.000331263763691 	 0.103794169911 	 
985 	 0.000330984691922 	 0.103781770531 	 
986 	 0.000330705492186 	 0.103769287619 	 
987 	 0.000330426162393 	 0.1037567222 	 
988 	 0.00033014670058 	 0.103744075334 	 
989 	 0.00032986710491 	 0.10373134812 	 
990 	 0.000329587373662 	 0.103718541696 	 
991 	 0.000329307505237 	 0.103705657232 	 
992 	 0.000329027498152 	 0.103692695936 	 
993 	 0.000328747351037 	 0.103679659049 	 
994 	 0.000328467062633 	 0.103666547847 	 
995 	 0.000328186631792 	 0.103653363635 	 
996 	 0.000327906057471 	 0.103640107753 	 
997 	 0.000327625338734 	 0.103626781571 	 
998 	 0.000327344474745 	 0.103613386485 	 
999 	 0.00032706346477 	 0.103599923924 	 
1000 	 0.000326782308173 	 0.10358639534 	 
1001 	 0.000326501004415 	 0.103572802214 	 
1002 	 0.00032621955305 	 0.10355914605 	 
1003 	 0.000325937953724 	 0.103545428375 	 
1004 	 0.000325656206173 	 0.10353165074 	 
1005 	 0.000325374310223 	 0.103517814717 	 
1006 	 0.000325092265784 	 0.103503921895 	 
1007 	 0.00032481007285 	 0.103489973885 	 
1008 	 0.0003245277315 	 0.103475972312 	 
1009 	 0.000324245241889 	 0.103461918819 	 
1010 	 0.000323962604255 	 0.103447815063 	 
1011 	 0.000323679818911 	 0.103433662712 	 
1012 	 0.000323396886243 	 0.10341946345 	 
1013 	 0.000323113806714 	 0.103405218967 	 
1014 	 0.000322830580855 	 0.103390930965 	 
1015 	 0.000322547209269 	 0.103376601153 	 
1016 	 0.000322263692626 	 0.103362231245 	 
1017 	 0.000321980031663 	 0.103347822963 	 
1018 	 0.000321696227181 	 0.10333337803 	 
1019 	 0.000321412280044 	 0.103318898173 	 
1020 	 0.000321128191179 	 0.103304385119 	 
1021 	 0.000320843961572 	 0.103289840598 	 
1022 	 0.000320559592267 	 0.103275266335 	 
1023 	 0.000320275084366 	 0.103260664055 	 
1024 	 0.000319990439026 	 0.103246035478 	 
1025 	 0.000319705657458 	 0.10323138232 	 
1026 	 0.000319420740926 	 0.103216706291 	 
1027 	 0.000319135690744 	 0.103202009093 	 
1028 	 0.000318850508278 	 0.103187292422 	 
1029 	 0.000318565194939 	 0.103172557961 	 
1030 	 0.000318279752189 	 0.103157807387 	 
1031 	 0.000317994181532 	 0.103143042363 	 
1032 	 0.000317708484519 	 0.103128264541 	 
1033 	 0.000317422662743 	 0.103113475559 	 
1034 	 0.00031713671784 	 0.103098677043 	 
1035 	 0.000316850651484 	 0.103083870602 	 
1036 	 0.000316564465393 	 0.10306905783 	 
1037 	 0.000316278161318 	 0.103054240305 	 
1038 	 0.000315991741051 	 0.103039419589 	 
1039 	 0.000315705206418 	 0.103024597223 	 
1040 	 0.00031541855928 	 0.103009774733 	 
1041 	 0.000315131801532 	 0.102994953623 	 
1042 	 0.000314844935102 	 0.102980135381 	 
1043 	 0.000314557961949 	 0.102965321471 	 
1044 	 0.000314270884061 	 0.102950513338 	 
1045 	 0.000313983703458 	 0.102935712405 	 
1046 	 0.000313696422187 	 0.102920920076 	 
1047 	 0.000313409042322 	 0.10290613773 	 
1048 	 0.000313121565965 	 0.102891366725 	 
1049 	 0.00031283399524 	 0.102876608396 	 
1050 	 0.0003125463323 	 0.102861864055 	 
1051 	 0.000312258579319 	 0.102847134991 	 
1052 	 0.000311970738493 	 0.10283242247 	 
1053 	 0.000311682812041 	 0.102817727734 	 
1054 	 0.000311394802202 	 0.102803052 	 
1055 	 0.000311106711237 	 0.102788396463 	 
1056 	 0.000310818541424 	 0.102773762293 	 
1057 	 0.00031053029506 	 0.102759150636 	 
1058 	 0.000310241974459 	 0.102744562615 	 
1059 	 0.000309953581953 	 0.102729999326 	 
1060 	 0.000309665119889 	 0.102715461844 	 
1061 	 0.000309376590629 	 0.102700951219 	 
1062 	 0.000309087996549 	 0.102686468477 	 
1063 	 0.000308799340041 	 0.102672014618 	 
1064 	 0.000308510623507 	 0.102657590621 	 
1065 	 0.000308221849363 	 0.102643197441 	 
1066 	 0.000307933020036 	 0.102628836008 	 
1067 	 0.000307644137964 	 0.102614507229 	 
1068 	 0.000307355205595 	 0.102600211988 	 
1069 	 0.000307066225387 	 0.102585951147 	 
1070 	 0.000306777199807 	 0.102571725544 	 
1071 	 0.000306488131329 	 0.102557535994 	 
1072 	 0.000306199022435 	 0.102543383292 	 
1073 	 0.000305909875616 	 0.102529268207 	 
1074 	 0.000305620693367 	 0.102515191491 	 
1075 	 0.000305331478191 	 0.10250115387 	 
1076 	 0.000305042232594 	 0.102487156052 	 
1077 	 0.000304752959088 	 0.102473198722 	 
1078 	 0.00030446366019 	 0.102459282546 	 
1079 	 0.00030417433842 	 0.102445408169 	 
1080 	 0.000303884996302 	 0.102431576214 	 
1081 	 0.000303595636359 	 0.102417787288 	 
1082 	 0.000303306261122 	 0.102404041976 	 
1083 	 0.00030301687312 	 0.102390340845 	 
1084 	 0.000302727474882 	 0.102376684442 	 
1085 	 0.000302438068943 	 0.102363073298 	 
1086 	 0.000302148657833 	 0.102349507924 	 
1087 	 0.000301859244084 	 0.102335988813 	 
1088 	 0.000301569830228 	 0.102322516444 	 
1089 	 0.000301280418795 	 0.102309091274 	 
1090 	 0.000300991012314 	 0.102295713747 	 
1091 	 0.000300701613313 	 0.102282384291 	 
1092 	 0.000300412224317 	 0.102269103314 	 
1093 	 0.000300122847848 	 0.102255871213 	 
1094 	 0.000299833486425 	 0.102242688368 	 
1095 	 0.000299544142566 	 0.102229555143 	 
1096 	 0.000299254818782 	 0.102216471888 	 
1097 	 0.000298965517582 	 0.10220343894 	 
1098 	 0.000298676241471 	 0.10219045662 	 
1099 	 0.000298386992948 	 0.102177525237 	 
1100 	 0.000298097774508 	 0.102164645087 	 
1101 	 0.00029780858864 	 0.102151816451 	 
1102 	 0.000297519437827 	 0.102139039599 	 
1103 	 0.000297230324548 	 0.102126314788 	 
1104 	 0.000296941251274 	 0.102113642263 	 
1105 	 0.00029665222047 	 0.102101022259 	 
1106 	 0.000296363234594 	 0.102088454996 	 
1107 	 0.000296074296098 	 0.102075940686 	 
1108 	 0.000295785407425 	 0.10206347953 	 
1109 	 0.000295496571012 	 0.102051071715 	 
1110 	 0.000295207789288 	 0.102038717423 	 
1111 	 0.000294919064672 	 0.102026416821 	 
1112 	 0.000294630399578 	 0.10201417007 	 
1113 	 0.000294341796409 	 0.102001977319 	 
1114 	 0.000294053257561 	 0.101989838709 	 
1115 	 0.000293764785419 	 0.101977754373 	 
1116 	 0.00029347638236 	 0.101965724432 	 
1117 	 0.000293188050753 	 0.101953749003 	 
1118 	 0.000292899792955 	 0.10194182819 	 
1119 	 0.000292611611314 	 0.101929962094 	 
1120 	 0.00029232350817 	 0.101918150803 	 
1121 	 0.00029203548585 	 0.101906394401 	 
1122 	 0.000291747546673 	 0.101894692964 	 
1123 	 0.000291459692946 	 0.101883046561 	 
1124 	 0.000291171926968 	 0.101871455252 	 
1125 	 0.000290884251023 	 0.101859919094 	 
1126 	 0.000290596667387 	 0.101848438133 	 
1127 	 0.000290309178326 	 0.101837012412 	 
1128 	 0.000290021786092 	 0.101825641968 	 
1129 	 0.000289734492927 	 0.101814326829 	 
1130 	 0.000289447301062 	 0.101803067019 	 
1131 	 0.000289160212715 	 0.101791862558 	 
1132 	 0.000288873230094 	 0.101780713457 	 
1133 	 0.000288586355394 	 0.101769619725 	 
1134 	 0.000288299590799 	 0.101758581364 	 
1135 	 0.00028801293848 	 0.101747598371 	 
1136 	 0.000287726400597 	 0.101736670739 	 
1137 	 0.000287439979295 	 0.101725798455 	 
1138 	 0.000287153676711 	 0.101714981503 	 
1139 	 0.000286867494966 	 0.101704219862 	 
1140 	 0.00028658143617 	 0.101693513506 	 
1141 	 0.00028629550242 	 0.101682862406 	 
1142 	 0.000286009695801 	 0.101672266528 	 
1143 	 0.000285724018384 	 0.101661725833 	 
1144 	 0.000285438472228 	 0.101651240282 	 
1145 	 0.000285153059379 	 0.101640809828 	 
1146 	 0.00028486778187 	 0.101630434422 	 
1147 	 0.00028458264172 	 0.101620114014 	 
1148 	 0.000284297640938 	 0.101609848546 	 
1149 	 0.000284012781515 	 0.10159963796 	 
1150 	 0.000283728065434 	 0.101589482195 	 
1151 	 0.00028344349466 	 0.101579381184 	 
1152 	 0.000283159071148 	 0.101569334861 	 
1153 	 0.000282874796839 	 0.101559343153 	 
1154 	 0.000282590673659 	 0.101549405987 	 
1155 	 0.000282306703522 	 0.101539523286 	 
1156 	 0.000282022888329 	 0.101529694972 	 
1157 	 0.000281739229966 	 0.101519920962 	 
1158 	 0.000281455730307 	 0.101510201173 	 
1159 	 0.000281172391211 	 0.101500535517 	 
1160 	 0.000280889214525 	 0.101490923905 	 
1161 	 0.00028060620208 	 0.101481366247 	 
1162 	 0.000280323355697 	 0.101471862448 	 
1163 	 0.00028004067718 	 0.101462412414 	 
1164 	 0.000279758168321 	 0.101453016046 	 
1165 	 0.000279475830898 	 0.101443673244 	 
1166 	 0.000279193666675 	 0.101434383908 	 
1167 	 0.000278911677403 	 0.101425147933 	 
1168 	 0.000278629864819 	 0.101415965214 	 
1169 	 0.000278348230646 	 0.101406835645 	 
1170 	 0.000278066776594 	 0.101397759115 	 
1171 	 0.000277785504359 	 0.101388735515 	 
1172 	 0.000277504415623 	 0.101379764732 	 
1173 	 0.000277223512054 	 0.101370846653 	 
1174 	 0.000276942795308 	 0.101361981163 	 
1175 	 0.000276662267026 	 0.101353168144 	 
1176 	 0.000276381928835 	 0.101344407479 	 
1177 	 0.000276101782349 	 0.101335699047 	 
1178 	 0.000275821829169 	 0.101327042729 	 
1179 	 0.000275542070881 	 0.101318438401 	 
1180 	 0.000275262509058 	 0.101309885941 	 
1181 	 0.000274983145261 	 0.101301385224 	 
1182 	 0.000274703981034 	 0.101292936124 	 
1183 	 0.000274425017911 	 0.101284538513 	 
1184 	 0.000274146257409 	 0.101276192265 	 
1185 	 0.000273867701036 	 0.101267897249 	 
1186 	 0.000273589350282 	 0.101259653335 	 
1187 	 0.000273311206626 	 0.101251460393 	 
1188 	 0.000273033271534 	 0.10124331829 	 
1189 	 0.000272755546456 	 0.101235226893 	 
1190 	 0.000272478032832 	 0.101227186067 	 
1191 	 0.000272200732087 	 0.101219195679 	 
1192 	 0.000271923645631 	 0.101211255592 	 
1193 	 0.000271646774865 	 0.10120336567 	 
1194 	 0.000271370121173 	 0.101195525775 	 
1195 	 0.000271093685927 	 0.101187735769 	 
1196 	 0.000270817470487 	 0.101179995513 	 
1197 	 0.000270541476198 	 0.101172304869 	 
1198 	 0.000270265704393 	 0.101164663695 	 
1199 	 0.000269990156392 	 0.101157071851 	 
1200 	 0.000269714833502 	 0.101149529195 	 
1201 	 0.000269439737016 	 0.101142035586 	 
1202 	 0.000269164868217 	 0.10113459088 	 
1203 	 0.000268890228371 	 0.101127194934 	 
1204 	 0.000268615818735 	 0.101119847605 	 
1205 	 0.000268341640551 	 0.101112548747 	 
1206 	 0.000268067695049 	 0.101105298217 	 
1207 	 0.000267793983446 	 0.10109809587 	 
1208 	 0.000267520506947 	 0.101090941558 	 
1209 	 0.000267247266744 	 0.101083835137 	 
1210 	 0.000266974264016 	 0.10107677646 	 
1211 	 0.00026670149993 	 0.101069765379 	 
1212 	 0.000266428975642 	 0.101062801748 	 
1213 	 0.000266156692294 	 0.101055885419 	 
1214 	 0.000265884651015 	 0.101049016244 	 
1215 	 0.000265612852923 	 0.101042194074 	 
1216 	 0.000265341299124 	 0.101035418762 	 
1217 	 0.000265069990711 	 0.101028690157 	 
1218 	 0.000264798928765 	 0.101022008112 	 
1219 	 0.000264528114356 	 0.101015372476 	 
1220 	 0.000264257548541 	 0.101008783101 	 
1221 	 0.000263987232365 	 0.101002239835 	 
1222 	 0.000263717166862 	 0.10099574253 	 
1223 	 0.000263447353053 	 0.100989291036 	 
1224 	 0.000263177791948 	 0.100982885201 	 
1225 	 0.000262908484545 	 0.100976524875 	 
1226 	 0.000262639431831 	 0.100970209908 	 
1227 	 0.00026237063478 	 0.100963940149 	 
1228 	 0.000262102094357 	 0.100957715447 	 
1229 	 0.000261833811512 	 0.100951535652 	 
1230 	 0.000261565787186 	 0.100945400611 	 
1231 	 0.000261298022309 	 0.100939310175 	 
1232 	 0.000261030517798 	 0.100933264192 	 
1233 	 0.00026076327456 	 0.10092726251 	 
1234 	 0.00026049629349 	 0.100921304979 	 
1235 	 0.000260229575473 	 0.100915391448 	 
1236 	 0.000259963121381 	 0.100909521764 	 
1237 	 0.000259696932077 	 0.100903695778 	 
1238 	 0.000259431008413 	 0.100897913338 	 
1239 	 0.000259165351228 	 0.100892174292 	 
1240 	 0.000258899961353 	 0.10088647849 	 
1241 	 0.000258634839605 	 0.100880825781 	 
1242 	 0.000258369986794 	 0.100875216013 	 
1243 	 0.000258105403717 	 0.100869649036 	 
1244 	 0.00025784109116 	 0.100864124699 	 
1245 	 0.000257577049901 	 0.100858642851 	 
1246 	 0.000257313280705 	 0.100853203343 	 
1247 	 0.000257049784328 	 0.100847806022 	 
1248 	 0.000256786561515 	 0.100842450739 	 
1249 	 0.000256523613001 	 0.100837137344 	 
1250 	 0.000256260939512 	 0.100831865687 	 
1251 	 0.000255998541761 	 0.100826635617 	 
1252 	 0.000255736420454 	 0.100821446986 	 
1253 	 0.000255474576285 	 0.100816299643 	 
1254 	 0.000255213009939 	 0.100811193439 	 
1255 	 0.000254951722091 	 0.100806128226 	 
1256 	 0.000254690713406 	 0.100801103853 	 
1257 	 0.000254429984538 	 0.100796120173 	 
1258 	 0.000254169536134 	 0.100791177036 	 
1259 	 0.000253909368829 	 0.100786274295 	 
1260 	 0.00025364948325 	 0.100781411801 	 
1261 	 0.000253389880013 	 0.100776589406 	 
1262 	 0.000253130559727 	 0.100771806964 	 
1263 	 0.000252871522988 	 0.100767064325 	 
1264 	 0.000252612770386 	 0.100762361345 	 
1265 	 0.000252354302499 	 0.100757697875 	 
1266 	 0.000252096119899 	 0.100753073769 	 
1267 	 0.000251838223146 	 0.10074848888 	 
1268 	 0.000251580612791 	 0.100743943064 	 
1269 	 0.000251323289379 	 0.100739436174 	 
1270 	 0.000251066253443 	 0.100734968064 	 
1271 	 0.000250809505508 	 0.10073053859 	 
1272 	 0.000250553046091 	 0.100726147606 	 
1273 	 0.000250296875698 	 0.10072179497 	 
1274 	 0.00025004099483 	 0.100717480535 	 
1275 	 0.000249785403975 	 0.100713204159 	 
1276 	 0.000249530103615 	 0.100708965697 	 
1277 	 0.000249275094224 	 0.100704765007 	 
1278 	 0.000249020376265 	 0.100700601947 	 
1279 	 0.000248765950196 	 0.100696476372 	 
1280 	 0.000248511816464 	 0.100692388142 	 
1281 	 0.000248257975508 	 0.100688337115 	 
1282 	 0.000248004427759 	 0.100684323149 	 
1283 	 0.000247751173642 	 0.100680346102 	 
1284 	 0.00024749821357 	 0.100676405836 	 
1285 	 0.000247245547951 	 0.100672502208 	 
1286 	 0.000246993177183 	 0.10066863508 	 
1287 	 0.000246741101658 	 0.100664804311 	 
1288 	 0.000246489321758 	 0.100661009763 	 
1289 	 0.00024623783786 	 0.100657251296 	 
1290 	 0.000245986650331 	 0.100653528773 	 
1291 	 0.00024573575953 	 0.100649842054 	 
1292 	 0.000245485165809 	 0.100646191004 	 
1293 	 0.000245234869514 	 0.100642575484 	 
1294 	 0.000244984870982 	 0.100638995357 	 
1295 	 0.000244735170541 	 0.100635450488 	 
1296 	 0.000244485768515 	 0.10063194074 	 
1297 	 0.000244236665218 	 0.100628465977 	 
1298 	 0.000243987860958 	 0.100625026065 	 
1299 	 0.000243739356036 	 0.100621620869 	 
1300 	 0.000243491150743 	 0.100618250253 	 
1301 	 0.000243243245367 	 0.100614914085 	 
1302 	 0.000242995640185 	 0.100611612231 	 
1303 	 0.000242748335471 	 0.100608344558 	 
1304 	 0.000242501331489 	 0.100605110932 	 
1305 	 0.000242254628498 	 0.100601911223 	 
1306 	 0.000242008226747 	 0.100598745297 	 
1307 	 0.000241762126482 	 0.100595613024 	 
1308 	 0.000241516327941 	 0.100592514272 	 
1309 	 0.000241270831353 	 0.100589448911 	 
1310 	 0.000241025636945 	 0.100586416811 	 
1311 	 0.000240780744932 	 0.100583417843 	 
1312 	 0.000240536155527 	 0.100580451877 	 
1313 	 0.000240291868935 	 0.100577518783 	 
1314 	 0.000240047885352 	 0.100574618435 	 
1315 	 0.000239804204972 	 0.100571750704 	 
1316 	 0.00023956082798 	 0.100568915462 	 
1317 	 0.000239317754556 	 0.100566112583 	 
1318 	 0.000239074984871 	 0.100563341939 	 
1319 	 0.000238832519094 	 0.100560603405 	 
1320 	 0.000238590357385 	 0.100557896855 	 
1321 	 0.000238348499899 	 0.100555222164 	 
1322 	 0.000238106946785 	 0.100552579207 	 
1323 	 0.000237865698185 	 0.100549967859 	 
1324 	 0.000237624754236 	 0.100547387997 	 
1325 	 0.000237384115069 	 0.100544839497 	 
1326 	 0.00023714378081 	 0.100542322236 	 
1327 	 0.000236903751577 	 0.100539836091 	 
1328 	 0.000236664027485 	 0.100537380941 	 
1329 	 0.000236424608642 	 0.100534956663 	 
1330 	 0.000236185495149 	 0.100532563136 	 
1331 	 0.000235946687104 	 0.10053020024 	 
1332 	 0.000235708184599 	 0.100527867854 	 
1333 	 0.000235469987718 	 0.100525565858 	 
1334 	 0.000235232096543 	 0.100523294133 	 
1335 	 0.000234994511148 	 0.100521052559 	 
1336 	 0.000234757231603 	 0.100518841018 	 
1337 	 0.000234520257973 	 0.100516659392 	 
1338 	 0.000234283590317 	 0.100514507563 	 
1339 	 0.000234047228688 	 0.100512385414 	 
1340 	 0.000233811173136 	 0.100510292828 	 
1341 	 0.000233575423705 	 0.100508229689 	 
1342 	 0.000233339980432 	 0.10050619588 	 
1343 	 0.000233104843352 	 0.100504191286 	 
1344 	 0.000232870012493 	 0.100502215793 	 
1345 	 0.00023263548788 	 0.100500269284 	 
1346 	 0.000232401269531 	 0.100498351647 	 
1347 	 0.000232167357459 	 0.100496462768 	 
1348 	 0.000231933751676 	 0.100494602533 	 
1349 	 0.000231700452184 	 0.100492770829 	 
1350 	 0.000231467458984 	 0.100490967543 	 
1351 	 0.000231234772071 	 0.100489192565 	 
1352 	 0.000231002391436 	 0.100487445781 	 
1353 	 0.000230770317064 	 0.100485727082 	 
1354 	 0.000230538548938 	 0.100484036356 	 
1355 	 0.000230307087033 	 0.100482373493 	 
1356 	 0.000230075931323 	 0.100480738383 	 
1357 	 0.000229845081775 	 0.100479130917 	 
1358 	 0.000229614538354 	 0.100477550986 	 
1359 	 0.000229384301018 	 0.10047599848 	 
1360 	 0.000229154369723 	 0.100474473293 	 
1361 	 0.00022892474442 	 0.100472975316 	 
1362 	 0.000228695425056 	 0.100471504441 	 
1363 	 0.000228466411572 	 0.100470060563 	 
1364 	 0.000228237703908 	 0.100468643574 	 
1365 	 0.000228009301997 	 0.100467253368 	 
1366 	 0.00022778120577 	 0.10046588984 	 
1367 	 0.000227553415153 	 0.100464552885 	 
1368 	 0.000227325930069 	 0.100463242398 	 
1369 	 0.000227098750435 	 0.100461958273 	 
1370 	 0.000226871876167 	 0.100460700408 	 
1371 	 0.000226645307174 	 0.100459468699 	 
1372 	 0.000226419043364 	 0.100458263042 	 
1373 	 0.00022619308464 	 0.100457083335 	 
1374 	 0.0002259674309 	 0.100455929475 	 
1375 	 0.00022574208204 	 0.100454801361 	 
1376 	 0.000225517037953 	 0.10045369889 	 
1377 	 0.000225292298527 	 0.100452621962 	 
1378 	 0.000225067863645 	 0.100451570476 	 
1379 	 0.000224843733189 	 0.100450544331 	 
1380 	 0.000224619907038 	 0.100449543428 	 
1381 	 0.000224396385064 	 0.100448567667 	 
1382 	 0.000224173167138 	 0.100447616948 	 
1383 	 0.000223950253128 	 0.100446691174 	 
1384 	 0.000223727642897 	 0.100445790245 	 
1385 	 0.000223505336307 	 0.100444914063 	 
1386 	 0.000223283333213 	 0.100444062532 	 
1387 	 0.000223061633469 	 0.100443235553 	 
1388 	 0.000222840236927 	 0.100442433029 	 
1389 	 0.000222619143434 	 0.100441654865 	 
1390 	 0.000222398352834 	 0.100440900965 	 
1391 	 0.000222177864967 	 0.100440171231 	 
1392 	 0.000221957679673 	 0.10043946557 	 
1393 	 0.000221737796785 	 0.100438783885 	 
1394 	 0.000221518216135 	 0.100438126083 	 
1395 	 0.000221298937553 	 0.10043749207 	 
1396 	 0.000221079960863 	 0.100436881751 	 
1397 	 0.000220861285889 	 0.100436295032 	 
1398 	 0.000220642912451 	 0.100435731822 	 
1399 	 0.000220424840365 	 0.100435192026 	 
1400 	 0.000220207069445 	 0.100434675553 	 
1401 	 0.000219989599504 	 0.10043418231 	 
1402 	 0.000219772430348 	 0.100433712207 	 
1403 	 0.000219555561785 	 0.10043326515 	 
1404 	 0.000219338993617 	 0.100432841051 	 
1405 	 0.000219122725644 	 0.100432439817 	 
1406 	 0.000218906757663 	 0.100432061359 	 
1407 	 0.00021869108947 	 0.100431705587 	 
1408 	 0.000218475720857 	 0.100431372411 	 
1409 	 0.000218260651613 	 0.100431061742 	 
1410 	 0.000218045881525 	 0.100430773492 	 
1411 	 0.000217831410379 	 0.100430507571 	 
1412 	 0.000217617237956 	 0.100430263891 	 
1413 	 0.000217403364035 	 0.100430042365 	 
1414 	 0.000217189788393 	 0.100429842906 	 
1415 	 0.000216976510806 	 0.100429665425 	 
1416 	 0.000216763531046 	 0.100429509836 	 
1417 	 0.000216550848882 	 0.100429376054 	 
1418 	 0.000216338464081 	 0.100429263991 	 
1419 	 0.00021612637641 	 0.100429173561 	 
1420 	 0.000215914585631 	 0.10042910468 	 
1421 	 0.000215703091504 	 0.100429057262 	 
1422 	 0.000215491893788 	 0.100429031223 	 
1423 	 0.000215280992239 	 0.100429026477 	 
1424 	 0.000215070386611 	 0.100429042941 	 STOP
Match coefficient: 0.7658
[[  6.   0.   0.   0.   0.   0.   0.   1.]
 [  0.  13.   0.   0.   0.   0.   0.   0.]
 [  0.   0.  12.   0.   0.   0.   0.   0.]
 [  0.   0.   0.   7.   0.   0.   0.   0.]
 [  0.   0.   0.   0.  14.   0.   0.   0.]
 [  0.   0.   0.   0.   0.  13.   2.   0.]
 [  0.   0.   0.   0.   0.   1.  10.   0.]
 [  0.   0.   0.   0.   0.   0.   0.  10.]]

Process finished with exit code 0
